<?xml version="1.0" encoding="utf-8" standalone="no"?>
<test-results xmlns:xsi="http://www.w3.org/2001/XMLSchema-instance" xsi:noNamespaceSchemaLocation="nunit_schema_2.5.xsd" name="Pester" total="0" errors="0" failures="0" not-run="0" inconclusive="0" ignored="0" skipped="0" invalid="0" date="2023-03-25" time="15:31:11">
  <environment nunit-version="2.5.8.0" cwd="C:\GitDevOps\AzureFunctionConfiguration" machine-name="DESKTOP-K2LN8MJ" user-domain="MIDDLEEAST" clr-version="Unknown" user="wmoselhy" os-version="10.0.25324" platform="Microsoft Windows 11 Enterprise Insider Preview|C:\WINDOWS|\Device\Harddisk0\Partition3" />
  <culture-info current-culture="en-US" current-uiculture="en-US" />
  <test-suite type="TestFixture" name="Pester" executed="True" result="Success" success="True" time="0.0609" asserts="0" description="Pester">
    <results />
  </test-suite>
</test-results>