<?xml version="1.0" encoding="utf-8" standalone="no"?>
<test-results xmlns:xsi="http://www.w3.org/2001/XMLSchema-instance" xsi:noNamespaceSchemaLocation="nunit_schema_2.5.xsd" name="Pester" total="112" errors="0" failures="0" not-run="0" inconclusive="0" ignored="0" skipped="0" invalid="0" date="2023-03-25" time="15:31:07">
  <environment nunit-version="2.5.8.0" cwd="C:\GitDevOps\AzureFunctionConfiguration" machine-name="DESKTOP-K2LN8MJ" user-domain="MIDDLEEAST" clr-version="Unknown" user="wmoselhy" os-version="10.0.25324" platform="Microsoft Windows 11 Enterprise Insider Preview|C:\WINDOWS|\Device\Harddisk0\Partition3" />
  <culture-info current-culture="en-US" current-uiculture="en-US" />
  <test-suite type="TestFixture" name="Pester" executed="True" result="Success" success="True" time="1.7849" asserts="0" description="Pester">
    <results>
      <test-suite type="TestFixture" name="C:\GitDevOps\AzureFunctionConfiguration\tests\general\FileIntegrity.Tests.ps1" executed="True" result="Success" success="True" time="1.7849" asserts="0" description="C:\GitDevOps\AzureFunctionConfiguration\tests\general\FileIntegrity.Tests.ps1">
        <results>
          <test-suite type="TestFixture" name="Verifying integrity of module files" executed="True" result="Success" success="True" time="0.9199" asserts="0" description="Verifying integrity of module files">
            <results>
              <test-suite type="TestFixture" name="Verifying integrity of module files.Validating PS1 Script files" executed="True" result="Success" success="True" time="0.8752" asserts="0" description="Verifying integrity of module files.Validating PS1 Script files">
                <results>
                  <test-suite type="ParameterizedTest" name="Verifying integrity of module files.Validating PS1 Script files.[AzureFunctionConfiguration\functions\Get-FunctionConfig.ps1] Should have UTF8 encoding with Byte Order Mark" executed="True" result="Success" success="True" time="0.1719" asserts="0" description="[AzureFunctionConfiguration\functions\Get-FunctionConfig.ps1] Should have UTF8 encoding with Byte Order Mark">
                    <results>
                      <test-case description="[AzureFunctionConfiguration\functions\Get-FunctionConfig.ps1] Should have UTF8 encoding with Byte Order Mark" name="Verifying integrity of module files.Validating PS1 Script files.[AzureFunctionConfiguration\functions\Get-FunctionConfig.ps1] Should have UTF8 encoding with Byte Order Mark(C:\GitDevOps\AzureFunctionConfiguration\AzureFunctionConfiguration\functions\Get-FunctionConfig.ps1)" time="0.0994" asserts="0" success="True" result="Success" executed="True" />
                      <test-case description="[AzureFunctionConfiguration\functions\Import-FunctionConfig.ps1] Should have UTF8 encoding with Byte Order Mark" name="Verifying integrity of module files.Validating PS1 Script files.[AzureFunctionConfiguration\functions\Import-FunctionConfig.ps1] Should have UTF8 encoding with Byte Order Mark" time="0.0074" asserts="0" success="True" result="Success" executed="True" />
                      <test-case description="[AzureFunctionConfiguration\internal\configurations\configuration.ps1] Should have UTF8 encoding with Byte Order Mark" name="Verifying integrity of module files.Validating PS1 Script files.[AzureFunctionConfiguration\internal\configurations\configuration.ps1] Should have UTF8 encoding with Byte Order Mark" time="0.0097" asserts="0" success="True" result="Success" executed="True" />
                      <test-case description="[AzureFunctionConfiguration\internal\scriptblocks\scriptblocks.ps1] Should have UTF8 encoding with Byte Order Mark" name="Verifying integrity of module files.Validating PS1 Script files.[AzureFunctionConfiguration\internal\scriptblocks\scriptblocks.ps1] Should have UTF8 encoding with Byte Order Mark" time="0.0066" asserts="0" success="True" result="Success" executed="True" />
                      <test-case description="[AzureFunctionConfiguration\internal\scripts\license.ps1] Should have UTF8 encoding with Byte Order Mark" name="Verifying integrity of module files.Validating PS1 Script files.[AzureFunctionConfiguration\internal\scripts\license.ps1] Should have UTF8 encoding with Byte Order Mark" time="0.0092" asserts="0" success="True" result="Success" executed="True" />
                      <test-case description="[AzureFunctionConfiguration\internal\scripts\postimport.ps1] Should have UTF8 encoding with Byte Order Mark" name="Verifying integrity of module files.Validating PS1 Script files.[AzureFunctionConfiguration\internal\scripts\postimport.ps1] Should have UTF8 encoding with Byte Order Mark" time="0.0059" asserts="0" success="True" result="Success" executed="True" />
                      <test-case description="[AzureFunctionConfiguration\internal\scripts\preimport.ps1] Should have UTF8 encoding with Byte Order Mark" name="Verifying integrity of module files.Validating PS1 Script files.[AzureFunctionConfiguration\internal\scripts\preimport.ps1] Should have UTF8 encoding with Byte Order Mark" time="0.0071" asserts="0" success="True" result="Success" executed="True" />
                      <test-case description="[AzureFunctionConfiguration\internal\scripts\strings.ps1] Should have UTF8 encoding with Byte Order Mark" name="Verifying integrity of module files.Validating PS1 Script files.[AzureFunctionConfiguration\internal\scripts\strings.ps1] Should have UTF8 encoding with Byte Order Mark" time="0.0062" asserts="0" success="True" result="Success" executed="True" />
                      <test-case description="[AzureFunctionConfiguration\internal\scripts\variables.ps1] Should have UTF8 encoding with Byte Order Mark" name="Verifying integrity of module files.Validating PS1 Script files.[AzureFunctionConfiguration\internal\scripts\variables.ps1] Should have UTF8 encoding with Byte Order Mark" time="0.0072" asserts="0" success="True" result="Success" executed="True" />
                      <test-case description="[AzureFunctionConfiguration\internal\tepp\assignment.ps1] Should have UTF8 encoding with Byte Order Mark" name="Verifying integrity of module files.Validating PS1 Script files.[AzureFunctionConfiguration\internal\tepp\assignment.ps1] Should have UTF8 encoding with Byte Order Mark" time="0.0065" asserts="0" success="True" result="Success" executed="True" />
                      <test-case description="[AzureFunctionConfiguration\internal\tepp\example.tepp.ps1] Should have UTF8 encoding with Byte Order Mark" name="Verifying integrity of module files.Validating PS1 Script files.[AzureFunctionConfiguration\internal\tepp\example.tepp.ps1] Should have UTF8 encoding with Byte Order Mark" time="0.0065" asserts="0" success="True" result="Success" executed="True" />
                    </results>
                  </test-suite>
                  <test-suite type="ParameterizedTest" name="Verifying integrity of module files.Validating PS1 Script files.[AzureFunctionConfiguration\functions\Get-FunctionConfig.ps1] Should have no trailing space" executed="True" result="Success" success="True" time="0.0829" asserts="0" description="[AzureFunctionConfiguration\functions\Get-FunctionConfig.ps1] Should have no trailing space">
                    <results>
                      <test-case description="[AzureFunctionConfiguration\functions\Get-FunctionConfig.ps1] Should have no trailing space" name="Verifying integrity of module files.Validating PS1 Script files.[AzureFunctionConfiguration\functions\Get-FunctionConfig.ps1] Should have no trailing space(C:\GitDevOps\AzureFunctionConfiguration\AzureFunctionConfiguration\functions\Get-FunctionConfig.ps1)" time="0.0133" asserts="0" success="True" result="Success" executed="True" />
                      <test-case description="[AzureFunctionConfiguration\functions\Import-FunctionConfig.ps1] Should have no trailing space" name="Verifying integrity of module files.Validating PS1 Script files.[AzureFunctionConfiguration\functions\Import-FunctionConfig.ps1] Should have no trailing space" time="0.0067" asserts="0" success="True" result="Success" executed="True" />
                      <test-case description="[AzureFunctionConfiguration\internal\configurations\configuration.ps1] Should have no trailing space" name="Verifying integrity of module files.Validating PS1 Script files.[AzureFunctionConfiguration\internal\configurations\configuration.ps1] Should have no trailing space" time="0.0078" asserts="0" success="True" result="Success" executed="True" />
                      <test-case description="[AzureFunctionConfiguration\internal\scriptblocks\scriptblocks.ps1] Should have no trailing space" name="Verifying integrity of module files.Validating PS1 Script files.[AzureFunctionConfiguration\internal\scriptblocks\scriptblocks.ps1] Should have no trailing space" time="0.0096" asserts="0" success="True" result="Success" executed="True" />
                      <test-case description="[AzureFunctionConfiguration\internal\scripts\license.ps1] Should have no trailing space" name="Verifying integrity of module files.Validating PS1 Script files.[AzureFunctionConfiguration\internal\scripts\license.ps1] Should have no trailing space" time="0.0068" asserts="0" success="True" result="Success" executed="True" />
                      <test-case description="[AzureFunctionConfiguration\internal\scripts\postimport.ps1] Should have no trailing space" name="Verifying integrity of module files.Validating PS1 Script files.[AzureFunctionConfiguration\internal\scripts\postimport.ps1] Should have no trailing space" time="0.0076" asserts="0" success="True" result="Success" executed="True" />
                      <test-case description="[AzureFunctionConfiguration\internal\scripts\preimport.ps1] Should have no trailing space" name="Verifying integrity of module files.Validating PS1 Script files.[AzureFunctionConfiguration\internal\scripts\preimport.ps1] Should have no trailing space" time="0.0067" asserts="0" success="True" result="Success" executed="True" />
                      <test-case description="[AzureFunctionConfiguration\internal\scripts\strings.ps1] Should have no trailing space" name="Verifying integrity of module files.Validating PS1 Script files.[AzureFunctionConfiguration\internal\scripts\strings.ps1] Should have no trailing space" time="0.0064" asserts="0" success="True" result="Success" executed="True" />
                      <test-case description="[AzureFunctionConfiguration\internal\scripts\variables.ps1] Should have no trailing space" name="Verifying integrity of module files.Validating PS1 Script files.[AzureFunctionConfiguration\internal\scripts\variables.ps1] Should have no trailing space" time="0.0063" asserts="0" success="True" result="Success" executed="True" />
                      <test-case description="[AzureFunctionConfiguration\internal\tepp\assignment.ps1] Should have no trailing space" name="Verifying integrity of module files.Validating PS1 Script files.[AzureFunctionConfiguration\internal\tepp\assignment.ps1] Should have no trailing space" time="0.0061" asserts="0" success="True" result="Success" executed="True" />
                      <test-case description="[AzureFunctionConfiguration\internal\tepp\example.tepp.ps1] Should have no trailing space" name="Verifying integrity of module files.Validating PS1 Script files.[AzureFunctionConfiguration\internal\tepp\example.tepp.ps1] Should have no trailing space" time="0.0055" asserts="0" success="True" result="Success" executed="True" />
                    </results>
                  </test-suite>
                  <test-suite type="ParameterizedTest" name="Verifying integrity of module files.Validating PS1 Script files.[AzureFunctionConfiguration\functions\Get-FunctionConfig.ps1] Should have no syntax errors" executed="True" result="Success" success="True" time="0.0773" asserts="0" description="[AzureFunctionConfiguration\functions\Get-FunctionConfig.ps1] Should have no syntax errors">
                    <results>
                      <test-case description="[AzureFunctionConfiguration\functions\Get-FunctionConfig.ps1] Should have no syntax errors" name="Verifying integrity of module files.Validating PS1 Script files.[AzureFunctionConfiguration\functions\Get-FunctionConfig.ps1] Should have no syntax errors()" time="0.0091" asserts="0" success="True" result="Success" executed="True" />
                      <test-case description="[AzureFunctionConfiguration\functions\Import-FunctionConfig.ps1] Should have no syntax errors" name="Verifying integrity of module files.Validating PS1 Script files.[AzureFunctionConfiguration\functions\Import-FunctionConfig.ps1] Should have no syntax errors" time="0.0198" asserts="0" success="True" result="Success" executed="True" />
                      <test-case description="[AzureFunctionConfiguration\internal\configurations\configuration.ps1] Should have no syntax errors" name="Verifying integrity of module files.Validating PS1 Script files.[AzureFunctionConfiguration\internal\configurations\configuration.ps1] Should have no syntax errors" time="0.0048" asserts="0" success="True" result="Success" executed="True" />
                      <test-case description="[AzureFunctionConfiguration\internal\scriptblocks\scriptblocks.ps1] Should have no syntax errors" name="Verifying integrity of module files.Validating PS1 Script files.[AzureFunctionConfiguration\internal\scriptblocks\scriptblocks.ps1] Should have no syntax errors" time="0.0073" asserts="0" success="True" result="Success" executed="True" />
                      <test-case description="[AzureFunctionConfiguration\internal\scripts\license.ps1] Should have no syntax errors" name="Verifying integrity of module files.Validating PS1 Script files.[AzureFunctionConfiguration\internal\scripts\license.ps1] Should have no syntax errors" time="0.0053" asserts="0" success="True" result="Success" executed="True" />
                      <test-case description="[AzureFunctionConfiguration\internal\scripts\postimport.ps1] Should have no syntax errors" name="Verifying integrity of module files.Validating PS1 Script files.[AzureFunctionConfiguration\internal\scripts\postimport.ps1] Should have no syntax errors" time="0.0074" asserts="0" success="True" result="Success" executed="True" />
                      <test-case description="[AzureFunctionConfiguration\internal\scripts\preimport.ps1] Should have no syntax errors" name="Verifying integrity of module files.Validating PS1 Script files.[AzureFunctionConfiguration\internal\scripts\preimport.ps1] Should have no syntax errors" time="0.0054" asserts="0" success="True" result="Success" executed="True" />
                      <test-case description="[AzureFunctionConfiguration\internal\scripts\strings.ps1] Should have no syntax errors" name="Verifying integrity of module files.Validating PS1 Script files.[AzureFunctionConfiguration\internal\scripts\strings.ps1] Should have no syntax errors" time="0.0046" asserts="0" success="True" result="Success" executed="True" />
                      <test-case description="[AzureFunctionConfiguration\internal\scripts\variables.ps1] Should have no syntax errors" name="Verifying integrity of module files.Validating PS1 Script files.[AzureFunctionConfiguration\internal\scripts\variables.ps1] Should have no syntax errors" time="0.0046" asserts="0" success="True" result="Success" executed="True" />
                      <test-case description="[AzureFunctionConfiguration\internal\tepp\assignment.ps1] Should have no syntax errors" name="Verifying integrity of module files.Validating PS1 Script files.[AzureFunctionConfiguration\internal\tepp\assignment.ps1] Should have no syntax errors" time="0.0046" asserts="0" success="True" result="Success" executed="True" />
                      <test-case description="[AzureFunctionConfiguration\internal\tepp\example.tepp.ps1] Should have no syntax errors" name="Verifying integrity of module files.Validating PS1 Script files.[AzureFunctionConfiguration\internal\tepp\example.tepp.ps1] Should have no syntax errors" time="0.0045" asserts="0" success="True" result="Success" executed="True" />
                    </results>
                  </test-suite>
                  <test-suite type="ParameterizedTest" name="Verifying integrity of module files.Validating PS1 Script files.[AzureFunctionConfiguration\functions\Get-FunctionConfig.ps1] Should not use Write-Output" executed="True" result="Success" success="True" time="0.5106" asserts="0" description="[AzureFunctionConfiguration\functions\Get-FunctionConfig.ps1] Should not use Write-Output">
                    <results>
                      <test-case description="[AzureFunctionConfiguration\functions\Get-FunctionConfig.ps1] Should not use Write-Output" name="Verifying integrity of module files.Validating PS1 Script files.[AzureFunctionConfiguration\functions\Get-FunctionConfig.ps1] Should not use Write-Output(function Get-FunctionConfig { &#xD;&#xA; &lt;#&#xD;&#xA;    .SYNOPSIS&#xD;&#xA;        Gets the value of a function config parameter.&#xD;&#xA;    .DESCRIPTION&#xD;&#xA;        Gets the value of a function config parameter.&#xD;&#xA;        Use Import-FunctionConfig to import a set of data into a script config variable.&#xD;&#xA;        Use Get-FunctionConfig to read config settings.&#xD;&#xA;    .EXAMPLE&#xD;&#xA;        PS C:\&gt; Get-FunctionConfig -Name 'ParameterName'&#xD;&#xA;&#xD;&#xA;        Gets the value of the parameter named 'ParameterName'.&#xD;&#xA;    #&gt; &#xD;&#xA; [ CmdletBinding ( ) ] &#xD;&#xA; param ( &#xD;&#xA; # Name of the parameter to get. &#xD;&#xA; [ Parameter ( Mandatory = $true , Position = 0 ) ] &#xD;&#xA; [ string ] &#xD;&#xA; $Name &#xD;&#xA; ) &#xD;&#xA; $Script:FunctionConfig [ $Name ] &#xD;&#xA; } &lt;eof&gt;,&quot;Write-Output&quot;)" time="0.0133" asserts="0" success="True" result="Success" executed="True" />
                      <test-case description="[AzureFunctionConfiguration\functions\Get-FunctionConfig.ps1] Should not use Get-WmiObject" name="Verifying integrity of module files.Validating PS1 Script files.[AzureFunctionConfiguration\functions\Get-FunctionConfig.ps1] Should not use Get-WmiObject" time="0.0106" asserts="0" success="True" result="Success" executed="True" />
                      <test-case description="[AzureFunctionConfiguration\functions\Get-FunctionConfig.ps1] Should not use Invoke-WmiMethod" name="Verifying integrity of module files.Validating PS1 Script files.[AzureFunctionConfiguration\functions\Get-FunctionConfig.ps1] Should not use Invoke-WmiMethod" time="0.0062" asserts="0" success="True" result="Success" executed="True" />
                      <test-case description="[AzureFunctionConfiguration\functions\Get-FunctionConfig.ps1] Should not use Register-WmiEvent" name="Verifying integrity of module files.Validating PS1 Script files.[AzureFunctionConfiguration\functions\Get-FunctionConfig.ps1] Should not use Register-WmiEvent" time="0.0053" asserts="0" success="True" result="Success" executed="True" />
                      <test-case description="[AzureFunctionConfiguration\functions\Get-FunctionConfig.ps1] Should not use Remove-WmiObject" name="Verifying integrity of module files.Validating PS1 Script files.[AzureFunctionConfiguration\functions\Get-FunctionConfig.ps1] Should not use Remove-WmiObject" time="0.0063" asserts="0" success="True" result="Success" executed="True" />
                      <test-case description="[AzureFunctionConfiguration\functions\Get-FunctionConfig.ps1] Should not use Set-WmiInstance" name="Verifying integrity of module files.Validating PS1 Script files.[AzureFunctionConfiguration\functions\Get-FunctionConfig.ps1] Should not use Set-WmiInstance" time="0.0054" asserts="0" success="True" result="Success" executed="True" />
                      <test-case description="[AzureFunctionConfiguration\functions\Get-FunctionConfig.ps1] Should not use Get-EventLog" name="Verifying integrity of module files.Validating PS1 Script files.[AzureFunctionConfiguration\functions\Get-FunctionConfig.ps1] Should not use Get-EventLog" time="0.0068" asserts="0" success="True" result="Success" executed="True" />
                      <test-case description="[AzureFunctionConfiguration\functions\Import-FunctionConfig.ps1] Should not use Write-Output" name="Verifying integrity of module files.Validating PS1 Script files.[AzureFunctionConfiguration\functions\Import-FunctionConfig.ps1] Should not use Write-Output" time="0.01" asserts="0" success="True" result="Success" executed="True" />
                      <test-case description="[AzureFunctionConfiguration\functions\Import-FunctionConfig.ps1] Should not use Get-WmiObject" name="Verifying integrity of module files.Validating PS1 Script files.[AzureFunctionConfiguration\functions\Import-FunctionConfig.ps1] Should not use Get-WmiObject" time="0.015" asserts="0" success="True" result="Success" executed="True" />
                      <test-case description="[AzureFunctionConfiguration\functions\Import-FunctionConfig.ps1] Should not use Invoke-WmiMethod" name="Verifying integrity of module files.Validating PS1 Script files.[AzureFunctionConfiguration\functions\Import-FunctionConfig.ps1] Should not use Invoke-WmiMethod" time="0.0117" asserts="0" success="True" result="Success" executed="True" />
                      <test-case description="[AzureFunctionConfiguration\functions\Import-FunctionConfig.ps1] Should not use Register-WmiEvent" name="Verifying integrity of module files.Validating PS1 Script files.[AzureFunctionConfiguration\functions\Import-FunctionConfig.ps1] Should not use Register-WmiEvent" time="0.0135" asserts="0" success="True" result="Success" executed="True" />
                      <test-case description="[AzureFunctionConfiguration\functions\Import-FunctionConfig.ps1] Should not use Remove-WmiObject" name="Verifying integrity of module files.Validating PS1 Script files.[AzureFunctionConfiguration\functions\Import-FunctionConfig.ps1] Should not use Remove-WmiObject" time="0.0156" asserts="0" success="True" result="Success" executed="True" />
                      <test-case description="[AzureFunctionConfiguration\functions\Import-FunctionConfig.ps1] Should not use Set-WmiInstance" name="Verifying integrity of module files.Validating PS1 Script files.[AzureFunctionConfiguration\functions\Import-FunctionConfig.ps1] Should not use Set-WmiInstance" time="0.0098" asserts="0" success="True" result="Success" executed="True" />
                      <test-case description="[AzureFunctionConfiguration\functions\Import-FunctionConfig.ps1] Should not use Get-EventLog" name="Verifying integrity of module files.Validating PS1 Script files.[AzureFunctionConfiguration\functions\Import-FunctionConfig.ps1] Should not use Get-EventLog" time="0.0093" asserts="0" success="True" result="Success" executed="True" />
                      <test-case description="[AzureFunctionConfiguration\internal\configurations\configuration.ps1] Should not use Write-Output" name="Verifying integrity of module files.Validating PS1 Script files.[AzureFunctionConfiguration\internal\configurations\configuration.ps1] Should not use Write-Output" time="0.0054" asserts="0" success="True" result="Success" executed="True" />
                      <test-case description="[AzureFunctionConfiguration\internal\configurations\configuration.ps1] Should not use Get-WmiObject" name="Verifying integrity of module files.Validating PS1 Script files.[AzureFunctionConfiguration\internal\configurations\configuration.ps1] Should not use Get-WmiObject" time="0.0051" asserts="0" success="True" result="Success" executed="True" />
                      <test-case description="[AzureFunctionConfiguration\internal\configurations\configuration.ps1] Should not use Invoke-WmiMethod" name="Verifying integrity of module files.Validating PS1 Script files.[AzureFunctionConfiguration\internal\configurations\configuration.ps1] Should not use Invoke-WmiMethod" time="0.0061" asserts="0" success="True" result="Success" executed="True" />
                      <test-case description="[AzureFunctionConfiguration\internal\configurations\configuration.ps1] Should not use Register-WmiEvent" name="Verifying integrity of module files.Validating PS1 Script files.[AzureFunctionConfiguration\internal\configurations\configuration.ps1] Should not use Register-WmiEvent" time="0.0053" asserts="0" success="True" result="Success" executed="True" />
                      <test-case description="[AzureFunctionConfiguration\internal\configurations\configuration.ps1] Should not use Remove-WmiObject" name="Verifying integrity of module files.Validating PS1 Script files.[AzureFunctionConfiguration\internal\configurations\configuration.ps1] Should not use Remove-WmiObject" time="0.0053" asserts="0" success="True" result="Success" executed="True" />
                      <test-case description="[AzureFunctionConfiguration\internal\configurations\configuration.ps1] Should not use Set-WmiInstance" name="Verifying integrity of module files.Validating PS1 Script files.[AzureFunctionConfiguration\internal\configurations\configuration.ps1] Should not use Set-WmiInstance" time="0.006" asserts="0" success="True" result="Success" executed="True" />
                      <test-case description="[AzureFunctionConfiguration\internal\configurations\configuration.ps1] Should not use Get-EventLog" name="Verifying integrity of module files.Validating PS1 Script files.[AzureFunctionConfiguration\internal\configurations\configuration.ps1] Should not use Get-EventLog" time="0.0067" asserts="0" success="True" result="Success" executed="True" />
                      <test-case description="[AzureFunctionConfiguration\internal\scriptblocks\scriptblocks.ps1] Should not use Write-Output" name="Verifying integrity of module files.Validating PS1 Script files.[AzureFunctionConfiguration\internal\scriptblocks\scriptblocks.ps1] Should not use Write-Output" time="0.0188" asserts="0" success="True" result="Success" executed="True" />
                      <test-case description="[AzureFunctionConfiguration\internal\scriptblocks\scriptblocks.ps1] Should not use Get-WmiObject" name="Verifying integrity of module files.Validating PS1 Script files.[AzureFunctionConfiguration\internal\scriptblocks\scriptblocks.ps1] Should not use Get-WmiObject" time="0.0094" asserts="0" success="True" result="Success" executed="True" />
                      <test-case description="[AzureFunctionConfiguration\internal\scriptblocks\scriptblocks.ps1] Should not use Invoke-WmiMethod" name="Verifying integrity of module files.Validating PS1 Script files.[AzureFunctionConfiguration\internal\scriptblocks\scriptblocks.ps1] Should not use Invoke-WmiMethod" time="0.007" asserts="0" success="True" result="Success" executed="True" />
                      <test-case description="[AzureFunctionConfiguration\internal\scriptblocks\scriptblocks.ps1] Should not use Register-WmiEvent" name="Verifying integrity of module files.Validating PS1 Script files.[AzureFunctionConfiguration\internal\scriptblocks\scriptblocks.ps1] Should not use Register-WmiEvent" time="0.0066" asserts="0" success="True" result="Success" executed="True" />
                      <test-case description="[AzureFunctionConfiguration\internal\scriptblocks\scriptblocks.ps1] Should not use Remove-WmiObject" name="Verifying integrity of module files.Validating PS1 Script files.[AzureFunctionConfiguration\internal\scriptblocks\scriptblocks.ps1] Should not use Remove-WmiObject" time="0.0081" asserts="0" success="True" result="Success" executed="True" />
                      <test-case description="[AzureFunctionConfiguration\internal\scriptblocks\scriptblocks.ps1] Should not use Set-WmiInstance" name="Verifying integrity of module files.Validating PS1 Script files.[AzureFunctionConfiguration\internal\scriptblocks\scriptblocks.ps1] Should not use Set-WmiInstance" time="0.0073" asserts="0" success="True" result="Success" executed="True" />
                      <test-case description="[AzureFunctionConfiguration\internal\scriptblocks\scriptblocks.ps1] Should not use Get-EventLog" name="Verifying integrity of module files.Validating PS1 Script files.[AzureFunctionConfiguration\internal\scriptblocks\scriptblocks.ps1] Should not use Get-EventLog" time="0.0094" asserts="0" success="True" result="Success" executed="True" />
                      <test-case description="[AzureFunctionConfiguration\internal\scripts\license.ps1] Should not use Write-Output" name="Verifying integrity of module files.Validating PS1 Script files.[AzureFunctionConfiguration\internal\scripts\license.ps1] Should not use Write-Output" time="0.0052" asserts="0" success="True" result="Success" executed="True" />
                      <test-case description="[AzureFunctionConfiguration\internal\scripts\license.ps1] Should not use Get-WmiObject" name="Verifying integrity of module files.Validating PS1 Script files.[AzureFunctionConfiguration\internal\scripts\license.ps1] Should not use Get-WmiObject" time="0.0066" asserts="0" success="True" result="Success" executed="True" />
                      <test-case description="[AzureFunctionConfiguration\internal\scripts\license.ps1] Should not use Invoke-WmiMethod" name="Verifying integrity of module files.Validating PS1 Script files.[AzureFunctionConfiguration\internal\scripts\license.ps1] Should not use Invoke-WmiMethod" time="0.0053" asserts="0" success="True" result="Success" executed="True" />
                      <test-case description="[AzureFunctionConfiguration\internal\scripts\license.ps1] Should not use Register-WmiEvent" name="Verifying integrity of module files.Validating PS1 Script files.[AzureFunctionConfiguration\internal\scripts\license.ps1] Should not use Register-WmiEvent" time="0.0051" asserts="0" success="True" result="Success" executed="True" />
                      <test-case description="[AzureFunctionConfiguration\internal\scripts\license.ps1] Should not use Remove-WmiObject" name="Verifying integrity of module files.Validating PS1 Script files.[AzureFunctionConfiguration\internal\scripts\license.ps1] Should not use Remove-WmiObject" time="0.0049" asserts="0" success="True" result="Success" executed="True" />
                      <test-case description="[AzureFunctionConfiguration\internal\scripts\license.ps1] Should not use Set-WmiInstance" name="Verifying integrity of module files.Validating PS1 Script files.[AzureFunctionConfiguration\internal\scripts\license.ps1] Should not use Set-WmiInstance" time="0.0048" asserts="0" success="True" result="Success" executed="True" />
                      <test-case description="[AzureFunctionConfiguration\internal\scripts\license.ps1] Should not use Get-EventLog" name="Verifying integrity of module files.Validating PS1 Script files.[AzureFunctionConfiguration\internal\scripts\license.ps1] Should not use Get-EventLog" time="0.005" asserts="0" success="True" result="Success" executed="True" />
                      <test-case description="[AzureFunctionConfiguration\internal\scripts\postimport.ps1] Should not use Write-Output" name="Verifying integrity of module files.Validating PS1 Script files.[AzureFunctionConfiguration\internal\scripts\postimport.ps1] Should not use Write-Output" time="0.0065" asserts="0" success="True" result="Success" executed="True" />
                      <test-case description="[AzureFunctionConfiguration\internal\scripts\postimport.ps1] Should not use Get-WmiObject" name="Verifying integrity of module files.Validating PS1 Script files.[AzureFunctionConfiguration\internal\scripts\postimport.ps1] Should not use Get-WmiObject" time="0.0053" asserts="0" success="True" result="Success" executed="True" />
                      <test-case description="[AzureFunctionConfiguration\internal\scripts\postimport.ps1] Should not use Invoke-WmiMethod" name="Verifying integrity of module files.Validating PS1 Script files.[AzureFunctionConfiguration\internal\scripts\postimport.ps1] Should not use Invoke-WmiMethod" time="0.0078" asserts="0" success="True" result="Success" executed="True" />
                      <test-case description="[AzureFunctionConfiguration\internal\scripts\postimport.ps1] Should not use Register-WmiEvent" name="Verifying integrity of module files.Validating PS1 Script files.[AzureFunctionConfiguration\internal\scripts\postimport.ps1] Should not use Register-WmiEvent" time="0.0053" asserts="0" success="True" result="Success" executed="True" />
                      <test-case description="[AzureFunctionConfiguration\internal\scripts\postimport.ps1] Should not use Remove-WmiObject" name="Verifying integrity of module files.Validating PS1 Script files.[AzureFunctionConfiguration\internal\scripts\postimport.ps1] Should not use Remove-WmiObject" time="0.0051" asserts="0" success="True" result="Success" executed="True" />
                      <test-case description="[AzureFunctionConfiguration\internal\scripts\postimport.ps1] Should not use Set-WmiInstance" name="Verifying integrity of module files.Validating PS1 Script files.[AzureFunctionConfiguration\internal\scripts\postimport.ps1] Should not use Set-WmiInstance" time="0.006" asserts="0" success="True" result="Success" executed="True" />
                      <test-case description="[AzureFunctionConfiguration\internal\scripts\postimport.ps1] Should not use Get-EventLog" name="Verifying integrity of module files.Validating PS1 Script files.[AzureFunctionConfiguration\internal\scripts\postimport.ps1] Should not use Get-EventLog" time="0.0052" asserts="0" success="True" result="Success" executed="True" />
                      <test-case description="[AzureFunctionConfiguration\internal\scripts\preimport.ps1] Should not use Write-Output" name="Verifying integrity of module files.Validating PS1 Script files.[AzureFunctionConfiguration\internal\scripts\preimport.ps1] Should not use Write-Output" time="0.0054" asserts="0" success="True" result="Success" executed="True" />
                      <test-case description="[AzureFunctionConfiguration\internal\scripts\preimport.ps1] Should not use Get-WmiObject" name="Verifying integrity of module files.Validating PS1 Script files.[AzureFunctionConfiguration\internal\scripts\preimport.ps1] Should not use Get-WmiObject" time="0.0073" asserts="0" success="True" result="Success" executed="True" />
                      <test-case description="[AzureFunctionConfiguration\internal\scripts\preimport.ps1] Should not use Invoke-WmiMethod" name="Verifying integrity of module files.Validating PS1 Script files.[AzureFunctionConfiguration\internal\scripts\preimport.ps1] Should not use Invoke-WmiMethod" time="0.0052" asserts="0" success="True" result="Success" executed="True" />
                      <test-case description="[AzureFunctionConfiguration\internal\scripts\preimport.ps1] Should not use Register-WmiEvent" name="Verifying integrity of module files.Validating PS1 Script files.[AzureFunctionConfiguration\internal\scripts\preimport.ps1] Should not use Register-WmiEvent" time="0.0055" asserts="0" success="True" result="Success" executed="True" />
                      <test-case description="[AzureFunctionConfiguration\internal\scripts\preimport.ps1] Should not use Remove-WmiObject" name="Verifying integrity of module files.Validating PS1 Script files.[AzureFunctionConfiguration\internal\scripts\preimport.ps1] Should not use Remove-WmiObject" time="0.0052" asserts="0" success="True" result="Success" executed="True" />
                      <test-case description="[AzureFunctionConfiguration\internal\scripts\preimport.ps1] Should not use Set-WmiInstance" name="Verifying integrity of module files.Validating PS1 Script files.[AzureFunctionConfiguration\internal\scripts\preimport.ps1] Should not use Set-WmiInstance" time="0.0049" asserts="0" success="True" result="Success" executed="True" />
                      <test-case description="[AzureFunctionConfiguration\internal\scripts\preimport.ps1] Should not use Get-EventLog" name="Verifying integrity of module files.Validating PS1 Script files.[AzureFunctionConfiguration\internal\scripts\preimport.ps1] Should not use Get-EventLog" time="0.0055" asserts="0" success="True" result="Success" executed="True" />
                      <test-case description="[AzureFunctionConfiguration\internal\scripts\strings.ps1] Should not use Write-Output" name="Verifying integrity of module files.Validating PS1 Script files.[AzureFunctionConfiguration\internal\scripts\strings.ps1] Should not use Write-Output" time="0.0048" asserts="0" success="True" result="Success" executed="True" />
                      <test-case description="[AzureFunctionConfiguration\internal\scripts\strings.ps1] Should not use Get-WmiObject" name="Verifying integrity of module files.Validating PS1 Script files.[AzureFunctionConfiguration\internal\scripts\strings.ps1] Should not use Get-WmiObject" time="0.0053" asserts="0" success="True" result="Success" executed="True" />
                      <test-case description="[AzureFunctionConfiguration\internal\scripts\strings.ps1] Should not use Invoke-WmiMethod" name="Verifying integrity of module files.Validating PS1 Script files.[AzureFunctionConfiguration\internal\scripts\strings.ps1] Should not use Invoke-WmiMethod" time="0.0048" asserts="0" success="True" result="Success" executed="True" />
                      <test-case description="[AzureFunctionConfiguration\internal\scripts\strings.ps1] Should not use Register-WmiEvent" name="Verifying integrity of module files.Validating PS1 Script files.[AzureFunctionConfiguration\internal\scripts\strings.ps1] Should not use Register-WmiEvent" time="0.0066" asserts="0" success="True" result="Success" executed="True" />
                      <test-case description="[AzureFunctionConfiguration\internal\scripts\strings.ps1] Should not use Remove-WmiObject" name="Verifying integrity of module files.Validating PS1 Script files.[AzureFunctionConfiguration\internal\scripts\strings.ps1] Should not use Remove-WmiObject" time="0.0049" asserts="0" success="True" result="Success" executed="True" />
                      <test-case description="[AzureFunctionConfiguration\internal\scripts\strings.ps1] Should not use Set-WmiInstance" name="Verifying integrity of module files.Validating PS1 Script files.[AzureFunctionConfiguration\internal\scripts\strings.ps1] Should not use Set-WmiInstance" time="0.0047" asserts="0" success="True" result="Success" executed="True" />
                      <test-case description="[AzureFunctionConfiguration\internal\scripts\strings.ps1] Should not use Get-EventLog" name="Verifying integrity of module files.Validating PS1 Script files.[AzureFunctionConfiguration\internal\scripts\strings.ps1] Should not use Get-EventLog" time="0.0051" asserts="0" success="True" result="Success" executed="True" />
                      <test-case description="[AzureFunctionConfiguration\internal\scripts\variables.ps1] Should not use Write-Output" name="Verifying integrity of module files.Validating PS1 Script files.[AzureFunctionConfiguration\internal\scripts\variables.ps1] Should not use Write-Output" time="0.0076" asserts="0" success="True" result="Success" executed="True" />
                      <test-case description="[AzureFunctionConfiguration\internal\scripts\variables.ps1] Should not use Get-WmiObject" name="Verifying integrity of module files.Validating PS1 Script files.[AzureFunctionConfiguration\internal\scripts\variables.ps1] Should not use Get-WmiObject" time="0.0049" asserts="0" success="True" result="Success" executed="True" />
                      <test-case description="[AzureFunctionConfiguration\internal\scripts\variables.ps1] Should not use Invoke-WmiMethod" name="Verifying integrity of module files.Validating PS1 Script files.[AzureFunctionConfiguration\internal\scripts\variables.ps1] Should not use Invoke-WmiMethod" time="0.005" asserts="0" success="True" result="Success" executed="True" />
                      <test-case description="[AzureFunctionConfiguration\internal\scripts\variables.ps1] Should not use Register-WmiEvent" name="Verifying integrity of module files.Validating PS1 Script files.[AzureFunctionConfiguration\internal\scripts\variables.ps1] Should not use Register-WmiEvent" time="0.0051" asserts="0" success="True" result="Success" executed="True" />
                      <test-case description="[AzureFunctionConfiguration\internal\scripts\variables.ps1] Should not use Remove-WmiObject" name="Verifying integrity of module files.Validating PS1 Script files.[AzureFunctionConfiguration\internal\scripts\variables.ps1] Should not use Remove-WmiObject" time="0.0065" asserts="0" success="True" result="Success" executed="True" />
                      <test-case description="[AzureFunctionConfiguration\internal\scripts\variables.ps1] Should not use Set-WmiInstance" name="Verifying integrity of module files.Validating PS1 Script files.[AzureFunctionConfiguration\internal\scripts\variables.ps1] Should not use Set-WmiInstance" time="0.0051" asserts="0" success="True" result="Success" executed="True" />
                      <test-case description="[AzureFunctionConfiguration\internal\scripts\variables.ps1] Should not use Get-EventLog" name="Verifying integrity of module files.Validating PS1 Script files.[AzureFunctionConfiguration\internal\scripts\variables.ps1] Should not use Get-EventLog" time="0.0047" asserts="0" success="True" result="Success" executed="True" />
                      <test-case description="[AzureFunctionConfiguration\internal\tepp\assignment.ps1] Should not use Write-Output" name="Verifying integrity of module files.Validating PS1 Script files.[AzureFunctionConfiguration\internal\tepp\assignment.ps1] Should not use Write-Output" time="0.0059" asserts="0" success="True" result="Success" executed="True" />
                      <test-case description="[AzureFunctionConfiguration\internal\tepp\assignment.ps1] Should not use Get-WmiObject" name="Verifying integrity of module files.Validating PS1 Script files.[AzureFunctionConfiguration\internal\tepp\assignment.ps1] Should not use Get-WmiObject" time="0.005" asserts="0" success="True" result="Success" executed="True" />
                      <test-case description="[AzureFunctionConfiguration\internal\tepp\assignment.ps1] Should not use Invoke-WmiMethod" name="Verifying integrity of module files.Validating PS1 Script files.[AzureFunctionConfiguration\internal\tepp\assignment.ps1] Should not use Invoke-WmiMethod" time="0.0048" asserts="0" success="True" result="Success" executed="True" />
                      <test-case description="[AzureFunctionConfiguration\internal\tepp\assignment.ps1] Should not use Register-WmiEvent" name="Verifying integrity of module files.Validating PS1 Script files.[AzureFunctionConfiguration\internal\tepp\assignment.ps1] Should not use Register-WmiEvent" time="0.0049" asserts="0" success="True" result="Success" executed="True" />
                      <test-case description="[AzureFunctionConfiguration\internal\tepp\assignment.ps1] Should not use Remove-WmiObject" name="Verifying integrity of module files.Validating PS1 Script files.[AzureFunctionConfiguration\internal\tepp\assignment.ps1] Should not use Remove-WmiObject" time="0.0047" asserts="0" success="True" result="Success" executed="True" />
                      <test-case description="[AzureFunctionConfiguration\internal\tepp\assignment.ps1] Should not use Set-WmiInstance" name="Verifying integrity of module files.Validating PS1 Script files.[AzureFunctionConfiguration\internal\tepp\assignment.ps1] Should not use Set-WmiInstance" time="0.0049" asserts="0" success="True" result="Success" executed="True" />
                      <test-case description="[AzureFunctionConfiguration\internal\tepp\assignment.ps1] Should not use Get-EventLog" name="Verifying integrity of module files.Validating PS1 Script files.[AzureFunctionConfiguration\internal\tepp\assignment.ps1] Should not use Get-EventLog" time="0.0063" asserts="0" success="True" result="Success" executed="True" />
                      <test-case description="[AzureFunctionConfiguration\internal\tepp\example.tepp.ps1] Should not use Write-Output" name="Verifying integrity of module files.Validating PS1 Script files.[AzureFunctionConfiguration\internal\tepp\example.tepp.ps1] Should not use Write-Output" time="0.006" asserts="0" success="True" result="Success" executed="True" />
                      <test-case description="[AzureFunctionConfiguration\internal\tepp\example.tepp.ps1] Should not use Get-WmiObject" name="Verifying integrity of module files.Validating PS1 Script files.[AzureFunctionConfiguration\internal\tepp\example.tepp.ps1] Should not use Get-WmiObject" time="0.0048" asserts="0" success="True" result="Success" executed="True" />
                      <test-case description="[AzureFunctionConfiguration\internal\tepp\example.tepp.ps1] Should not use Invoke-WmiMethod" name="Verifying integrity of module files.Validating PS1 Script files.[AzureFunctionConfiguration\internal\tepp\example.tepp.ps1] Should not use Invoke-WmiMethod" time="0.0046" asserts="0" success="True" result="Success" executed="True" />
                      <test-case description="[AzureFunctionConfiguration\internal\tepp\example.tepp.ps1] Should not use Register-WmiEvent" name="Verifying integrity of module files.Validating PS1 Script files.[AzureFunctionConfiguration\internal\tepp\example.tepp.ps1] Should not use Register-WmiEvent" time="0.0053" asserts="0" success="True" result="Success" executed="True" />
                      <test-case description="[AzureFunctionConfiguration\internal\tepp\example.tepp.ps1] Should not use Remove-WmiObject" name="Verifying integrity of module files.Validating PS1 Script files.[AzureFunctionConfiguration\internal\tepp\example.tepp.ps1] Should not use Remove-WmiObject" time="0.0047" asserts="0" success="True" result="Success" executed="True" />
                      <test-case description="[AzureFunctionConfiguration\internal\tepp\example.tepp.ps1] Should not use Set-WmiInstance" name="Verifying integrity of module files.Validating PS1 Script files.[AzureFunctionConfiguration\internal\tepp\example.tepp.ps1] Should not use Set-WmiInstance" time="0.0049" asserts="0" success="True" result="Success" executed="True" />
                      <test-case description="[AzureFunctionConfiguration\internal\tepp\example.tepp.ps1] Should not use Get-EventLog" name="Verifying integrity of module files.Validating PS1 Script files.[AzureFunctionConfiguration\internal\tepp\example.tepp.ps1] Should not use Get-EventLog" time="0.0062" asserts="0" success="True" result="Success" executed="True" />
                    </results>
                  </test-suite>
                </results>
              </test-suite>
              <test-suite type="TestFixture" name="Verifying integrity of module files.Validating help.txt help files" executed="True" result="Success" success="True" time="0.9024" asserts="0" description="Verifying integrity of module files.Validating help.txt help files">
                <results>
                  <test-suite type="ParameterizedTest" name="Verifying integrity of module files.Validating help.txt help files.[AzureFunctionConfiguration\en-us\about_AzureFunctionConfiguration.help.txt] Should have UTF8 encoding" executed="True" result="Success" success="True" time="0.0089" asserts="0" description="[AzureFunctionConfiguration\en-us\about_AzureFunctionConfiguration.help.txt] Should have UTF8 encoding">
                    <results>
                      <test-case description="[AzureFunctionConfiguration\en-us\about_AzureFunctionConfiguration.help.txt] Should have UTF8 encoding" name="Verifying integrity of module files.Validating help.txt help files.[AzureFunctionConfiguration\en-us\about_AzureFunctionConfiguration.help.txt] Should have UTF8 encoding(C:\GitDevOps\AzureFunctionConfiguration\AzureFunctionConfiguration\en-us\about_AzureFunctionConfiguration.help.txt)" time="0.0089" asserts="0" success="True" result="Success" executed="True" />
                    </results>
                  </test-suite>
                  <test-suite type="ParameterizedTest" name="Verifying integrity of module files.Validating help.txt help files.[AzureFunctionConfiguration\en-us\about_AzureFunctionConfiguration.help.txt] Should have no trailing space" executed="True" result="Success" success="True" time="0.0111" asserts="0" description="[AzureFunctionConfiguration\en-us\about_AzureFunctionConfiguration.help.txt] Should have no trailing space">
                    <results>
                      <test-case description="[AzureFunctionConfiguration\en-us\about_AzureFunctionConfiguration.help.txt] Should have no trailing space" name="Verifying integrity of module files.Validating help.txt help files.[AzureFunctionConfiguration\en-us\about_AzureFunctionConfiguration.help.txt] Should have no trailing space(C:\GitDevOps\AzureFunctionConfiguration\AzureFunctionConfiguration\en-us\about_AzureFunctionConfiguration.help.txt)" time="0.0111" asserts="0" success="True" result="Success" executed="True" />
                    </results>
                  </test-suite>
                </results>
              </test-suite>
            </results>
          </test-suite>
        </results>
      </test-suite>
    </results>
  </test-suite>
</test-results>